c:\users\cem alagözlü\desktop\myengine\minigin\win32\debug\minigin.pch
c:\users\cem alagözlü\desktop\myengine\minigin\win32\debug\minigin.pdb
c:\users\cem alagözlü\desktop\myengine\minigin\win32\debug\minigin.idb
c:\users\cem alagözlü\desktop\myengine\minigin\win32\debug\miniginpch.obj
c:\users\cem alagözlü\desktop\myengine\minigin\win32\debug\statemachine.obj
c:\users\cem alagözlü\desktop\myengine\minigin\win32\debug\state.obj
c:\users\cem alagözlü\desktop\myengine\minigin\win32\debug\spritecomponent.obj
c:\users\cem alagözlü\desktop\myengine\minigin\win32\debug\soundstream.obj
c:\users\cem alagözlü\desktop\myengine\minigin\win32\debug\soundmanager.obj
c:\users\cem alagözlü\desktop\myengine\minigin\win32\debug\soundeffect.obj
c:\users\cem alagözlü\desktop\myengine\minigin\win32\debug\scenemanager.obj
c:\users\cem alagözlü\desktop\myengine\minigin\win32\debug\scene.obj
c:\users\cem alagözlü\desktop\myengine\minigin\win32\debug\resourcemanager.obj
c:\users\cem alagözlü\desktop\myengine\minigin\win32\debug\renderer.obj
c:\users\cem alagözlü\desktop\myengine\minigin\win32\debug\log.obj
c:\users\cem alagözlü\desktop\myengine\minigin\win32\debug\inputmanager.obj
c:\users\cem alagözlü\desktop\myengine\minigin\win32\debug\gameobject.obj
c:\users\cem alagözlü\desktop\myengine\minigin\win32\debug\fpscomponent.obj
c:\users\cem alagözlü\desktop\myengine\minigin\win32\debug\font.obj
c:\users\cem alagözlü\desktop\myengine\minigin\win32\debug\commandmanager.obj
c:\users\cem alagözlü\desktop\myengine\minigin\win32\debug\command.obj
c:\users\cem alagözlü\desktop\myengine\minigin\win32\debug\collidercomponent.obj
c:\users\cem alagözlü\desktop\myengine\minigin\win32\debug\blackboard.obj
c:\users\cem alagözlü\desktop\myengine\minigin\win32\debug\basecomponent.obj
c:\users\cem alagözlü\desktop\myengine\minigin\win32\debug\transformcomponent.obj
c:\users\cem alagözlü\desktop\myengine\minigin\win32\debug\time.obj
c:\users\cem alagözlü\desktop\myengine\minigin\win32\debug\texturecomponent.obj
c:\users\cem alagözlü\desktop\myengine\minigin\win32\debug\textdrawcomponent.obj
c:\users\cem alagözlü\desktop\myengine\win32\debug\minigin.lib
c:\users\cem alagözlü\desktop\myengine\win32\debug\minigin.pdb
c:\users\cem alagözlü\desktop\myengine\minigin\win32\debug\minigin.tlog\cl.command.1.tlog
c:\users\cem alagözlü\desktop\myengine\minigin\win32\debug\minigin.tlog\cl.read.1.tlog
c:\users\cem alagözlü\desktop\myengine\minigin\win32\debug\minigin.tlog\cl.write.1.tlog
c:\users\cem alagözlü\desktop\myengine\minigin\win32\debug\minigin.tlog\lib-link.read.1.tlog
c:\users\cem alagözlü\desktop\myengine\minigin\win32\debug\minigin.tlog\lib-link.write.1.tlog
c:\users\cem alagözlü\desktop\myengine\minigin\win32\debug\minigin.tlog\lib.command.1.tlog
