  FPSComponent.cpp
  GameObject.cpp
  Scene.cpp
  SceneManager.cpp
  SpriteComponent.cpp
  TextDrawComponent.cpp
  TextureComponent.cpp
  Generating Code...
Log.obj : warning LNK4221: This object file does not define any previously undefined public symbols, so it will not be used by any link operation that consumes this library
  Minigin.vcxproj -> C:\Users\Cem Alagözlü\Desktop\MyEngine\Win32\Debug\Minigin.lib
  C:\Users\Cem Alagözlü\Desktop\MyEngine\3rdParty\SDL2\lib\x86\SDL2.dll
  1 File(s) copied
  C:\Users\Cem Alagözlü\Desktop\MyEngine\3rdParty\SDL2_image\lib\x86\libjpeg-9.dll
  C:\Users\Cem Alagözlü\Desktop\MyEngine\3rdParty\SDL2_image\lib\x86\libpng16-16.dll
  C:\Users\Cem Alagözlü\Desktop\MyEngine\3rdParty\SDL2_image\lib\x86\libtiff-5.dll
  C:\Users\Cem Alagözlü\Desktop\MyEngine\3rdParty\SDL2_image\lib\x86\libwebp-7.dll
  C:\Users\Cem Alagözlü\Desktop\MyEngine\3rdParty\SDL2_image\lib\x86\SDL2_image.dll
  C:\Users\Cem Alagözlü\Desktop\MyEngine\3rdParty\SDL2_image\lib\x86\zlib1.dll
  6 File(s) copied
  C:\Users\Cem Alagözlü\Desktop\MyEngine\3rdParty\SDL2_ttf\lib\x86\libfreetype-6.dll
  C:\Users\Cem Alagözlü\Desktop\MyEngine\3rdParty\SDL2_ttf\lib\x86\SDL2_ttf.dll
  2 File(s) copied
