c:\users\cem alagözlü\desktop\myengine\box2d\debug\box2d.pdb
c:\users\cem alagözlü\desktop\myengine\box2d\debug\box2d.idb
c:\users\cem alagözlü\desktop\myengine\box2d\debug\b2contactmanager.obj
c:\users\cem alagözlü\desktop\myengine\box2d\debug\b2body.obj
c:\users\cem alagözlü\desktop\myengine\box2d\debug\b2timer.obj
c:\users\cem alagözlü\desktop\myengine\box2d\debug\b2stackallocator.obj
c:\users\cem alagözlü\desktop\myengine\box2d\debug\b2settings.obj
c:\users\cem alagözlü\desktop\myengine\box2d\debug\b2math.obj
c:\users\cem alagözlü\desktop\myengine\box2d\debug\b2draw.obj
c:\users\cem alagözlü\desktop\myengine\box2d\debug\b2blockallocator.obj
c:\users\cem alagözlü\desktop\myengine\box2d\debug\b2polygonshape.obj
c:\users\cem alagözlü\desktop\myengine\box2d\debug\b2edgeshape.obj
c:\users\cem alagözlü\desktop\myengine\box2d\debug\b2circleshape.obj
c:\users\cem alagözlü\desktop\myengine\box2d\debug\b2chainshape.obj
c:\users\cem alagözlü\desktop\myengine\box2d\debug\b2timeofimpact.obj
c:\users\cem alagözlü\desktop\myengine\box2d\debug\b2dynamictree.obj
c:\users\cem alagözlü\desktop\myengine\box2d\debug\b2distance.obj
c:\users\cem alagözlü\desktop\myengine\box2d\debug\b2collision.obj
c:\users\cem alagözlü\desktop\myengine\box2d\debug\b2collidepolygon.obj
c:\users\cem alagözlü\desktop\myengine\box2d\debug\b2collideedge.obj
c:\users\cem alagözlü\desktop\myengine\box2d\debug\b2collidecircle.obj
c:\users\cem alagözlü\desktop\myengine\box2d\debug\b2broadphase.obj
c:\users\cem alagözlü\desktop\myengine\box2d\debug\b2prismaticjoint.obj
c:\users\cem alagözlü\desktop\myengine\box2d\debug\b2mousejoint.obj
c:\users\cem alagözlü\desktop\myengine\box2d\debug\b2motorjoint.obj
c:\users\cem alagözlü\desktop\myengine\box2d\debug\b2joint.obj
c:\users\cem alagözlü\desktop\myengine\box2d\debug\b2gearjoint.obj
c:\users\cem alagözlü\desktop\myengine\box2d\debug\b2frictionjoint.obj
c:\users\cem alagözlü\desktop\myengine\box2d\debug\b2distancejoint.obj
c:\users\cem alagözlü\desktop\myengine\box2d\debug\b2polygoncontact.obj
c:\users\cem alagözlü\desktop\myengine\box2d\debug\b2polygonandcirclecontact.obj
c:\users\cem alagözlü\desktop\myengine\box2d\debug\b2edgeandpolygoncontact.obj
c:\users\cem alagözlü\desktop\myengine\box2d\debug\b2edgeandcirclecontact.obj
c:\users\cem alagözlü\desktop\myengine\box2d\debug\b2contactsolver.obj
c:\users\cem alagözlü\desktop\myengine\box2d\debug\b2contact.obj
c:\users\cem alagözlü\desktop\myengine\box2d\debug\b2circlecontact.obj
c:\users\cem alagözlü\desktop\myengine\box2d\debug\b2chainandpolygoncontact.obj
c:\users\cem alagözlü\desktop\myengine\box2d\debug\b2chainandcirclecontact.obj
c:\users\cem alagözlü\desktop\myengine\box2d\debug\b2worldcallbacks.obj
c:\users\cem alagözlü\desktop\myengine\box2d\debug\b2world.obj
c:\users\cem alagözlü\desktop\myengine\box2d\debug\b2island.obj
c:\users\cem alagözlü\desktop\myengine\box2d\debug\b2fixture.obj
c:\users\cem alagözlü\desktop\myengine\box2d\debug\b2rope.obj
c:\users\cem alagözlü\desktop\myengine\box2d\debug\b2wheeljoint.obj
c:\users\cem alagözlü\desktop\myengine\box2d\debug\b2weldjoint.obj
c:\users\cem alagözlü\desktop\myengine\box2d\debug\b2ropejoint.obj
c:\users\cem alagözlü\desktop\myengine\box2d\debug\b2revolutejoint.obj
c:\users\cem alagözlü\desktop\myengine\box2d\debug\b2pulleyjoint.obj
c:\users\cem alagözlü\desktop\myengine\debug\box2d.lib
c:\users\cem alagözlü\desktop\myengine\debug\box2d.pdb
c:\users\cem alagözlü\desktop\myengine\box2d\debug\box2d.tlog\cl.command.1.tlog
c:\users\cem alagözlü\desktop\myengine\box2d\debug\box2d.tlog\cl.read.1.tlog
c:\users\cem alagözlü\desktop\myengine\box2d\debug\box2d.tlog\cl.write.1.tlog
c:\users\cem alagözlü\desktop\myengine\box2d\debug\box2d.tlog\lib-link.read.1.tlog
c:\users\cem alagözlü\desktop\myengine\box2d\debug\box2d.tlog\lib-link.write.1.tlog
c:\users\cem alagözlü\desktop\myengine\box2d\debug\box2d.tlog\lib.command.1.tlog
